<?xml version="1.0" encoding="UTF-8"?>
<testng-results ignored="0" total="1" passed="1" failed="0" skipped="0">
  <reporter-output>
  </reporter-output>
  <suite started-at="2020-05-01T12:56:52 CEST" name="Default suite" finished-at="2020-05-01T12:57:04 CEST" duration-ms="12749">
    <groups>
    </groups>
    <test started-at="2020-05-01T12:56:52 CEST" name="Default test" finished-at="2020-05-01T12:57:04 CEST" duration-ms="12749">
      <class name="demo.Test1">
        <test-method is-config="true" signature="setUp()[pri:0, instance:demo.Test1@6dbb137d]" started-at="2020-05-01T12:56:52 CEST" name="setUp" finished-at="2020-05-01T12:56:58 CEST" duration-ms="6428" status="PASS">
          <reporter-output>
          </reporter-output>
        </test-method> <!-- setUp -->
        <test-method signature="test1()[pri:0, instance:demo.Test1@6dbb137d]" started-at="2020-05-01T12:56:58 CEST" name="test1" finished-at="2020-05-01T12:57:04 CEST" duration-ms="5502" status="PASS">
          <reporter-output>
          </reporter-output>
        </test-method> <!-- test1 -->
        <test-method is-config="true" signature="tearDown()[pri:0, instance:demo.Test1@6dbb137d]" started-at="2020-05-01T12:57:04 CEST" name="tearDown" finished-at="2020-05-01T12:57:04 CEST" duration-ms="746" status="PASS">
          <reporter-output>
          </reporter-output>
        </test-method> <!-- tearDown -->
      </class> <!-- demo.Test1 -->
    </test> <!-- Default test -->
  </suite> <!-- Default suite -->
</testng-results>
