<?xml version="1.0" encoding="UTF-8"?>
<!-- Generated by org.testng.reporters.JUnitXMLReporter -->
<testsuite ignored="0" hostname="DESKTOP-TK2O5BT" failures="0" tests="3" name="TestOnChrome" time="17.857" errors="0" timestamp="2020-04-26T12:41:10 CEST">
  <testcase classname="demo.TestNGMultiBrowserDemo" name="test1" time="4.879"/>
  <testcase classname="demo.TestNGMultiBrowserDemo" name="test1" time="6.325"/>
  <testcase classname="demo.TestNGMultiBrowserDemo" name="test1" time="5.085"/>
</testsuite> <!-- TestOnChrome -->
